  소스.c
C:\Users\robi1\OneDrive\바탕 화면\VS\동아리\포켓몬\포켓몬\소스.c(25,2): warning C4996: 'scanf': This function or variable may be unsafe. Consider using scanf_s instead. To disable deprecation, use _CRT_SECURE_NO_WARNINGS. See online help for details.
C:\Users\robi1\OneDrive\바탕 화면\VS\동아리\포켓몬\포켓몬\소스.c(28,3): warning C4996: 'strcpy': This function or variable may be unsafe. Consider using strcpy_s instead. To disable deprecation, use _CRT_SECURE_NO_WARNINGS. See online help for details.
C:\Users\robi1\OneDrive\바탕 화면\VS\동아리\포켓몬\포켓몬\소스.c(29,3): warning C4996: 'strcpy': This function or variable may be unsafe. Consider using strcpy_s instead. To disable deprecation, use _CRT_SECURE_NO_WARNINGS. See online help for details.
C:\Users\robi1\OneDrive\바탕 화면\VS\동아리\포켓몬\포켓몬\소스.c(34,3): warning C4996: 'strcpy': This function or variable may be unsafe. Consider using strcpy_s instead. To disable deprecation, use _CRT_SECURE_NO_WARNINGS. See online help for details.
C:\Users\robi1\OneDrive\바탕 화면\VS\동아리\포켓몬\포켓몬\소스.c(35,3): warning C4996: 'strcpy': This function or variable may be unsafe. Consider using strcpy_s instead. To disable deprecation, use _CRT_SECURE_NO_WARNINGS. See online help for details.
C:\Users\robi1\OneDrive\바탕 화면\VS\동아리\포켓몬\포켓몬\소스.c(40,3): warning C4996: 'strcpy': This function or variable may be unsafe. Consider using strcpy_s instead. To disable deprecation, use _CRT_SECURE_NO_WARNINGS. See online help for details.
C:\Users\robi1\OneDrive\바탕 화면\VS\동아리\포켓몬\포켓몬\소스.c(41,3): warning C4996: 'strcpy': This function or variable may be unsafe. Consider using strcpy_s instead. To disable deprecation, use _CRT_SECURE_NO_WARNINGS. See online help for details.
C:\Users\robi1\OneDrive\바탕 화면\VS\동아리\포켓몬\포켓몬\소스.c(53,3): warning C4996: 'scanf': This function or variable may be unsafe. Consider using scanf_s instead. To disable deprecation, use _CRT_SECURE_NO_WARNINGS. See online help for details.
C:\Users\robi1\OneDrive\바탕 화면\VS\동아리\포켓몬\포켓몬\소스.c(56,4): warning C4996: 'scanf': This function or variable may be unsafe. Consider using scanf_s instead. To disable deprecation, use _CRT_SECURE_NO_WARNINGS. See online help for details.
C:\Users\robi1\OneDrive\바탕 화면\VS\동아리\포켓몬\포켓몬\소스.c(68,4): warning C4996: 'scanf': This function or variable may be unsafe. Consider using scanf_s instead. To disable deprecation, use _CRT_SECURE_NO_WARNINGS. See online help for details.
C:\Users\robi1\OneDrive\바탕 화면\VS\동아리\포켓몬\포켓몬\소스.c(227,35): warning C4244: '+=': 'double'에서 'int'(으)로 변환하면서 데이터가 손실될 수 있습니다.
C:\Users\robi1\OneDrive\바탕 화면\VS\동아리\포켓몬\포켓몬\소스.c(117,3): warning C4996: 'fscanf': This function or variable may be unsafe. Consider using fscanf_s instead. To disable deprecation, use _CRT_SECURE_NO_WARNINGS. See online help for details.
C:\Users\robi1\OneDrive\바탕 화면\VS\동아리\포켓몬\포켓몬\소스.c(128,3): warning C4996: 'scanf': This function or variable may be unsafe. Consider using scanf_s instead. To disable deprecation, use _CRT_SECURE_NO_WARNINGS. See online help for details.
C:\Users\robi1\OneDrive\바탕 화면\VS\동아리\포켓몬\포켓몬\소스.c(137,3): warning C4996: 'scanf': This function or variable may be unsafe. Consider using scanf_s instead. To disable deprecation, use _CRT_SECURE_NO_WARNINGS. See online help for details.
C:\Users\robi1\OneDrive\바탕 화면\VS\동아리\포켓몬\포켓몬\소스.c(173,6): warning C4996: 'scanf': This function or variable may be unsafe. Consider using scanf_s instead. To disable deprecation, use _CRT_SECURE_NO_WARNINGS. See online help for details.
C:\Users\robi1\OneDrive\바탕 화면\VS\동아리\포켓몬\포켓몬\소스.c(193,5): warning C4996: 'scanf': This function or variable may be unsafe. Consider using scanf_s instead. To disable deprecation, use _CRT_SECURE_NO_WARNINGS. See online help for details.
C:\Users\robi1\OneDrive\바탕 화면\VS\동아리\포켓몬\포켓몬\소스.c(209,9): warning C4996: 'strcpy': This function or variable may be unsafe. Consider using strcpy_s instead. To disable deprecation, use _CRT_SECURE_NO_WARNINGS. See online help for details.
C:\Users\robi1\OneDrive\바탕 화면\VS\동아리\포켓몬\포켓몬\소스.c(210,9): warning C4996: 'strcpy': This function or variable may be unsafe. Consider using strcpy_s instead. To disable deprecation, use _CRT_SECURE_NO_WARNINGS. See online help for details.
C:\Users\robi1\OneDrive\바탕 화면\VS\동아리\포켓몬\포켓몬\소스.c(260,8): warning C4244: '함수': 'time_t'에서 'unsigned int'(으)로 변환하면서 데이터가 손실될 수 있습니다.
C:\Users\robi1\OneDrive\바탕 화면\VS\동아리\포켓몬\포켓몬\소스.c(263,3): warning C4996: 'scanf': This function or variable may be unsafe. Consider using scanf_s instead. To disable deprecation, use _CRT_SECURE_NO_WARNINGS. See online help for details.
C:\Users\robi1\OneDrive\바탕 화면\VS\동아리\포켓몬\포켓몬\소스.c(278,3): warning C4996: 'scanf': This function or variable may be unsafe. Consider using scanf_s instead. To disable deprecation, use _CRT_SECURE_NO_WARNINGS. See online help for details.
C:\Users\robi1\OneDrive\바탕 화면\VS\동아리\포켓몬\포켓몬\소스.c(289,4): warning C4996: 'fscanf': This function or variable may be unsafe. Consider using fscanf_s instead. To disable deprecation, use _CRT_SECURE_NO_WARNINGS. See online help for details.
C:\Users\robi1\OneDrive\바탕 화면\VS\동아리\포켓몬\포켓몬\소스.c(291,5): warning C4996: 'fscanf': This function or variable may be unsafe. Consider using fscanf_s instead. To disable deprecation, use _CRT_SECURE_NO_WARNINGS. See online help for details.
C:\Users\robi1\OneDrive\바탕 화면\VS\동아리\포켓몬\포켓몬\소스.c(297,3): warning C4996: 'scanf': This function or variable may be unsafe. Consider using scanf_s instead. To disable deprecation, use _CRT_SECURE_NO_WARNINGS. See online help for details.
C:\Users\robi1\OneDrive\바탕 화면\VS\동아리\포켓몬\포켓몬\소스.c(303,4): warning C4996: 'scanf': This function or variable may be unsafe. Consider using scanf_s instead. To disable deprecation, use _CRT_SECURE_NO_WARNINGS. See online help for details.
  포켓몬.vcxproj -> C:\Users\robi1\OneDrive\바탕 화면\VS\동아리\포켓몬\x64\Debug\포켓몬.exe
